This is pdfTeXk, Version 3.141592-1.40.3 (Web2C 7.5.6) (format=pdflatex 2009.5.18)  19 MAY 2009 20:16
entering extended mode
 %&-line parsing enabled.
**rapport.tex
(./rapport.tex
LaTeX2e <2005/12/01>
Babel <v3.8h> and hyphenation patterns for english, usenglishmax, dumylang, noh
yphenation, ukrainian, russian, bulgarian, loaded.
(/usr/share/texmf-texlive/tex/latex/base/report.cls
Document Class: report 2005/09/16 v1.4f Standard LaTeX document class
(/usr/share/texmf-texlive/tex/latex/base/size11.clo
File: size11.clo 2005/09/16 v1.4f Standard LaTeX file (size option)
)
\c@part=\count79
\c@chapter=\count80
\c@section=\count81
\c@subsection=\count82
\c@subsubsection=\count83
\c@paragraph=\count84
\c@subparagraph=\count85
\c@figure=\count86
\c@table=\count87
\abovecaptionskip=\skip41
\belowcaptionskip=\skip42
\bibindent=\dimen102
)
(/usr/share/texmf-texlive/tex/generic/oberdiek/ifpdf.sty
Package: ifpdf 2006/02/20 v1.4 Provides the ifpdf switch (HO)
Package ifpdf Info: pdfTeX in pdf mode detected.
)
(/usr/share/texmf-texlive/tex/latex/base/inputenc.sty
Package: inputenc 2006/05/05 v1.1b Input encoding file
\inpenc@prehook=\toks14
\inpenc@posthook=\toks15

(/usr/share/texmf-texlive/tex/latex/base/utf8.def
File: utf8.def 2006/03/30 v1.1i UTF-8 support for inputenc
Now handling font encoding OML ...
... no UTF-8 mapping file for font encoding OML
Now handling font encoding T1 ...
... processing UTF-8 mapping file for font encodingT1

(/usr/share/texmf-texlive/tex/latex/base/t1enc.dfu
File: t1enc.dfu 2006/03/30 v1.1i UTF-8 support for inputenc
   defining Unicode char U+00A1 (decimal 161)
   defining Unicode char U+00A3 (decimal 163)
   defining Unicode char U+00AB (decimal 171)
   defining Unicode char U+00BB (decimal 187)
   defining Unicode char U+00BF (decimal 191)
   defining Unicode char U+00C0 (decimal 192)
   defining Unicode char U+00C1 (decimal 193)
   defining Unicode char U+00C2 (decimal 194)
   defining Unicode char U+00C3 (decimal 195)
   defining Unicode char U+00C4 (decimal 196)
   defining Unicode char U+00C5 (decimal 197)
   defining Unicode char U+00C6 (decimal 198)
   defining Unicode char U+00C7 (decimal 199)
   defining Unicode char U+00C8 (decimal 200)
   defining Unicode char U+00C9 (decimal 201)
   defining Unicode char U+00CA (decimal 202)
   defining Unicode char U+00CB (decimal 203)
   defining Unicode char U+00CC (decimal 204)
   defining Unicode char U+00CD (decimal 205)
   defining Unicode char U+00CE (decimal 206)
   defining Unicode char U+00CF (decimal 207)
   defining Unicode char U+00D0 (decimal 208)
   defining Unicode char U+00D1 (decimal 209)
   defining Unicode char U+00D2 (decimal 210)
   defining Unicode char U+00D3 (decimal 211)
   defining Unicode char U+00D4 (decimal 212)
   defining Unicode char U+00D5 (decimal 213)
   defining Unicode char U+00D6 (decimal 214)
   defining Unicode char U+00D8 (decimal 216)
   defining Unicode char U+00D9 (decimal 217)
   defining Unicode char U+00DA (decimal 218)
   defining Unicode char U+00DB (decimal 219)
   defining Unicode char U+00DC (decimal 220)
   defining Unicode char U+00DD (decimal 221)
   defining Unicode char U+00DE (decimal 222)
   defining Unicode char U+00DF (decimal 223)
   defining Unicode char U+00E0 (decimal 224)
   defining Unicode char U+00E1 (decimal 225)
   defining Unicode char U+00E2 (decimal 226)
   defining Unicode char U+00E3 (decimal 227)
   defining Unicode char U+00E4 (decimal 228)
   defining Unicode char U+00E5 (decimal 229)
   defining Unicode char U+00E6 (decimal 230)
   defining Unicode char U+00E7 (decimal 231)
   defining Unicode char U+00E8 (decimal 232)
   defining Unicode char U+00E9 (decimal 233)
   defining Unicode char U+00EA (decimal 234)
   defining Unicode char U+00EB (decimal 235)
   defining Unicode char U+00EC (decimal 236)
   defining Unicode char U+00ED (decimal 237)
   defining Unicode char U+00EE (decimal 238)
   defining Unicode char U+00EF (decimal 239)
   defining Unicode char U+00F0 (decimal 240)
   defining Unicode char U+00F1 (decimal 241)
   defining Unicode char U+00F2 (decimal 242)
   defining Unicode char U+00F3 (decimal 243)
   defining Unicode char U+00F4 (decimal 244)
   defining Unicode char U+00F5 (decimal 245)
   defining Unicode char U+00F6 (decimal 246)
   defining Unicode char U+00F8 (decimal 248)
   defining Unicode char U+00F9 (decimal 249)
   defining Unicode char U+00FA (decimal 250)
   defining Unicode char U+00FB (decimal 251)
   defining Unicode char U+00FC (decimal 252)
   defining Unicode char U+00FD (decimal 253)
   defining Unicode char U+00FE (decimal 254)
   defining Unicode char U+00FF (decimal 255)
   defining Unicode char U+0102 (decimal 258)
   defining Unicode char U+0103 (decimal 259)
   defining Unicode char U+0104 (decimal 260)
   defining Unicode char U+0105 (decimal 261)
   defining Unicode char U+0106 (decimal 262)
   defining Unicode char U+0107 (decimal 263)
   defining Unicode char U+010C (decimal 268)
   defining Unicode char U+010D (decimal 269)
   defining Unicode char U+010E (decimal 270)
   defining Unicode char U+010F (decimal 271)
   defining Unicode char U+0110 (decimal 272)
   defining Unicode char U+0111 (decimal 273)
   defining Unicode char U+0118 (decimal 280)
   defining Unicode char U+0119 (decimal 281)
   defining Unicode char U+011A (decimal 282)
   defining Unicode char U+011B (decimal 283)
   defining Unicode char U+011E (decimal 286)
   defining Unicode char U+011F (decimal 287)
   defining Unicode char U+0130 (decimal 304)
   defining Unicode char U+0131 (decimal 305)
   defining Unicode char U+0132 (decimal 306)
   defining Unicode char U+0133 (decimal 307)
   defining Unicode char U+0139 (decimal 313)
   defining Unicode char U+013A (decimal 314)
   defining Unicode char U+013D (decimal 317)
   defining Unicode char U+013E (decimal 318)
   defining Unicode char U+0141 (decimal 321)
   defining Unicode char U+0142 (decimal 322)
   defining Unicode char U+0143 (decimal 323)
   defining Unicode char U+0144 (decimal 324)
   defining Unicode char U+0147 (decimal 327)
   defining Unicode char U+0148 (decimal 328)
   defining Unicode char U+014A (decimal 330)
   defining Unicode char U+014B (decimal 331)
   defining Unicode char U+0150 (decimal 336)
   defining Unicode char U+0151 (decimal 337)
   defining Unicode char U+0152 (decimal 338)
   defining Unicode char U+0153 (decimal 339)
   defining Unicode char U+0154 (decimal 340)
   defining Unicode char U+0155 (decimal 341)
   defining Unicode char U+0158 (decimal 344)
   defining Unicode char U+0159 (decimal 345)
   defining Unicode char U+015A (decimal 346)
   defining Unicode char U+015B (decimal 347)
   defining Unicode char U+015E (decimal 350)
   defining Unicode char U+015F (decimal 351)
   defining Unicode char U+0160 (decimal 352)
   defining Unicode char U+0161 (decimal 353)
   defining Unicode char U+0162 (decimal 354)
   defining Unicode char U+0163 (decimal 355)
   defining Unicode char U+0164 (decimal 356)
   defining Unicode char U+0165 (decimal 357)
   defining Unicode char U+016E (decimal 366)
   defining Unicode char U+016F (decimal 367)
   defining Unicode char U+0170 (decimal 368)
   defining Unicode char U+0171 (decimal 369)
   defining Unicode char U+0178 (decimal 376)
   defining Unicode char U+0179 (decimal 377)
   defining Unicode char U+017A (decimal 378)
   defining Unicode char U+017B (decimal 379)
   defining Unicode char U+017C (decimal 380)
   defining Unicode char U+017D (decimal 381)
   defining Unicode char U+017E (decimal 382)
   defining Unicode char U+200C (decimal 8204)
   defining Unicode char U+2013 (decimal 8211)
   defining Unicode char U+2014 (decimal 8212)
   defining Unicode char U+2018 (decimal 8216)
   defining Unicode char U+2019 (decimal 8217)
   defining Unicode char U+201A (decimal 8218)
   defining Unicode char U+201C (decimal 8220)
   defining Unicode char U+201D (decimal 8221)
   defining Unicode char U+201E (decimal 8222)
   defining Unicode char U+2030 (decimal 8240)
   defining Unicode char U+2031 (decimal 8241)
   defining Unicode char U+2039 (decimal 8249)
   defining Unicode char U+203A (decimal 8250)
   defining Unicode char U+2423 (decimal 9251)
)
Now handling font encoding OT1 ...
... processing UTF-8 mapping file for font encodingOT1

(/usr/share/texmf-texlive/tex/latex/base/ot1enc.dfu
File: ot1enc.dfu 2006/03/30 v1.1i UTF-8 support for inputenc
   defining Unicode char U+00A1 (decimal 161)
   defining Unicode char U+00A3 (decimal 163)
   defining Unicode char U+00B8 (decimal 184)
   defining Unicode char U+00BF (decimal 191)
   defining Unicode char U+00C5 (decimal 197)
   defining Unicode char U+00C6 (decimal 198)
   defining Unicode char U+00D8 (decimal 216)
   defining Unicode char U+00DF (decimal 223)
   defining Unicode char U+00E6 (decimal 230)
   defining Unicode char U+00EC (decimal 236)
   defining Unicode char U+00ED (decimal 237)
   defining Unicode char U+00EE (decimal 238)
   defining Unicode char U+00EF (decimal 239)
   defining Unicode char U+00F8 (decimal 248)
   defining Unicode char U+0131 (decimal 305)
   defining Unicode char U+0141 (decimal 321)
   defining Unicode char U+0142 (decimal 322)
   defining Unicode char U+0152 (decimal 338)
   defining Unicode char U+0153 (decimal 339)
   defining Unicode char U+2013 (decimal 8211)
   defining Unicode char U+2014 (decimal 8212)
   defining Unicode char U+2018 (decimal 8216)
   defining Unicode char U+2019 (decimal 8217)
   defining Unicode char U+201C (decimal 8220)
   defining Unicode char U+201D (decimal 8221)
)
Now handling font encoding OMS ...
... processing UTF-8 mapping file for font encodingOMS

(/usr/share/texmf-texlive/tex/latex/base/omsenc.dfu
File: omsenc.dfu 2006/03/30 v1.1i UTF-8 support for inputenc
   defining Unicode char U+00A7 (decimal 167)
   defining Unicode char U+00B6 (decimal 182)
   defining Unicode char U+00B7 (decimal 183)
   defining Unicode char U+2020 (decimal 8224)
   defining Unicode char U+2021 (decimal 8225)
   defining Unicode char U+2022 (decimal 8226)
)
Now handling font encoding OMX ...
... no UTF-8 mapping file for font encoding OMX
Now handling font encoding U ...
... no UTF-8 mapping file for font encoding U
   defining Unicode char U+00A9 (decimal 169)
   defining Unicode char U+00AA (decimal 170)
   defining Unicode char U+00AE (decimal 174)
   defining Unicode char U+00BA (decimal 186)
   defining Unicode char U+02C6 (decimal 710)
   defining Unicode char U+02DC (decimal 732)
   defining Unicode char U+200C (decimal 8204)
   defining Unicode char U+2026 (decimal 8230)
   defining Unicode char U+2122 (decimal 8482)
   defining Unicode char U+2423 (decimal 9251)
))
(/usr/share/texmf-texlive/tex/generic/babel/babel.sty
Package: babel 2005/11/23 v3.8h The Babel package

(/usr/share/texmf-texlive/tex/generic/babel/frenchb.ldf
Language: french 2005/02/06 v1.6g French support from the babel system

(/usr/share/texmf-texlive/tex/generic/babel/babel.def
File: babel.def 2005/11/23 v3.8h Babel common definitions
\babel@savecnt=\count88
\U@D=\dimen103
)

Package babel Warning: No hyphenation patterns were loaded for
(babel)                the language `French'
(babel)                I will use the patterns loaded for \language=0 instead.

\l@french = a dialect from \language0
Package babel Info: Making : an active character on input line 219.
Package babel Info: Making ; an active character on input line 220.
Package babel Info: Making ! an active character on input line 221.
Package babel Info: Making ? an active character on input line 222.
LaTeX Font Info:    Redeclaring font encoding T1 on input line 299.
\parindentFFN=\dimen104
\std@mcc=\count89
\dec@mcc=\count90
*************************************
* Local config file frenchb.cfg used
*
(/usr/share/texmf-texlive/tex/generic/babel/frenchb.cfg)))
(/usr/share/texmf-texlive/tex/latex/tools/varioref.sty
Package: varioref 2006/05/13 v1.4p package for extended references (FMi)
\c@vrcnt=\count91
)
(/usr/share/texmf-texlive/tex/latex/graphics/graphicx.sty
Package: graphicx 1999/02/16 v1.0f Enhanced LaTeX Graphics (DPC,SPQR)

(/usr/share/texmf-texlive/tex/latex/graphics/keyval.sty
Package: keyval 1999/03/16 v1.13 key=value parser (DPC)
\KV@toks@=\toks16
)
(/usr/share/texmf-texlive/tex/latex/graphics/graphics.sty
Package: graphics 2006/02/20 v1.0o Standard LaTeX Graphics (DPC,SPQR)

(/usr/share/texmf-texlive/tex/latex/graphics/trig.sty
Package: trig 1999/03/16 v1.09 sin cos tan (DPC)
)
(/etc/texmf/tex/latex/config/graphics.cfg
File: graphics.cfg 2007/01/18 v1.5 graphics configuration of teTeX/TeXLive
)
Package graphics Info: Driver file: pdftex.def on input line 90.

(/usr/share/texmf-texlive/tex/latex/pdftex-def/pdftex.def
File: pdftex.def 2007/01/08 v0.04d Graphics/color for pdfTeX
\Gread@gobject=\count92
))
\Gin@req@height=\dimen105
\Gin@req@width=\dimen106
)
(/usr/share/texmf-texlive/tex/latex/listings/listings.sty
\lst@mode=\count93
\lst@gtempboxa=\box26
\lst@token=\toks17
\lst@length=\count94
\lst@currlwidth=\dimen107
\lst@column=\count95
\lst@pos=\count96
\lst@lostspace=\dimen108
\lst@width=\dimen109
\lst@newlines=\count97
\lst@lineno=\count98
\c@lstlisting=\count99
\lst@maxwidth=\dimen110

(/usr/share/texmf-texlive/tex/latex/listings/lstpatch.sty
File: lstpatch.sty 2004/10/17 1.3b (Carsten Heinz)
)
(/usr/share/texmf-texlive/tex/latex/listings/lstmisc.sty
File: lstmisc.sty 2004/09/07 1.3 (Carsten Heinz)
\c@lstnumber=\count100
\lst@skipnumbers=\count101
\lst@framebox=\box27
)
(/usr/share/texmf-texlive/tex/latex/listings/listings.cfg
File: listings.cfg 2004/09/05 1.3 listings configuration
))
Package: listings 2004/10/17 1.3b (Carsten Heinz)

(/usr/share/texmf-texlive/tex/latex/graphics/color.sty
Package: color 2005/11/14 v1.0j Standard LaTeX Color (DPC)

(/etc/texmf/tex/latex/config/color.cfg
File: color.cfg 2007/01/18 v1.5 color configuration of teTeX/TeXLive
)
Package color Info: Driver file: pdftex.def on input line 130.
)
(/usr/share/texmf-texlive/tex/latex/amsfonts/amssymb.sty
Package: amssymb 2002/01/22 v2.2d

(/usr/share/texmf-texlive/tex/latex/amsfonts/amsfonts.sty
Package: amsfonts 2001/10/25 v2.2f
\@emptytoks=\toks18
\symAMSa=\mathgroup4
\symAMSb=\mathgroup5
LaTeX Font Info:    Overwriting math alphabet `\mathfrak' in version `bold'
(Font)                  U/euf/m/n --> U/euf/b/n on input line 132.
))
(/usr/share/texmf-texlive/tex/latex/amsmath/amsmath.sty
Package: amsmath 2000/07/18 v2.13 AMS math features
\@mathmargin=\skip43

For additional information on amsmath, use the `?' option.
(/usr/share/texmf-texlive/tex/latex/amsmath/amstext.sty
Package: amstext 2000/06/29 v2.01

(/usr/share/texmf-texlive/tex/latex/amsmath/amsgen.sty
File: amsgen.sty 1999/11/30 v2.0
\@emptytoks=\toks19
\ex@=\dimen111
))
(/usr/share/texmf-texlive/tex/latex/amsmath/amsbsy.sty
Package: amsbsy 1999/11/29 v1.2d
\pmbraise@=\dimen112
)
(/usr/share/texmf-texlive/tex/latex/amsmath/amsopn.sty
Package: amsopn 1999/12/14 v2.01 operator names
)
\inf@bad=\count102
LaTeX Info: Redefining \frac on input line 211.
\uproot@=\count103
\leftroot@=\count104
LaTeX Info: Redefining \overline on input line 307.
\classnum@=\count105
\DOTSCASE@=\count106
LaTeX Info: Redefining \ldots on input line 379.
LaTeX Info: Redefining \dots on input line 382.
LaTeX Info: Redefining \cdots on input line 467.
\Mathstrutbox@=\box28
\strutbox@=\box29
\big@size=\dimen113
LaTeX Font Info:    Redeclaring font encoding OML on input line 567.
LaTeX Font Info:    Redeclaring font encoding OMS on input line 568.
\macc@depth=\count107
\c@MaxMatrixCols=\count108
\dotsspace@=\muskip10
\c@parentequation=\count109
\dspbrk@lvl=\count110
\tag@help=\toks20
\row@=\count111
\column@=\count112
\maxfields@=\count113
\andhelp@=\toks21
\eqnshift@=\dimen114
\alignsep@=\dimen115
\tagshift@=\dimen116
\tagwidth@=\dimen117
\totwidth@=\dimen118
\lineht@=\dimen119
\@envbody=\toks22
\multlinegap=\skip44
\multlinetaggap=\skip45
\mathdisplay@stack=\toks23
LaTeX Info: Redefining \[ on input line 2666.
LaTeX Info: Redefining \] on input line 2667.
)
(/usr/share/texmf-texlive/tex/latex/graphics/lscape.sty
Package: lscape 2000/10/22 v3.01 Landscape Pages (DPC)
)
(/usr/share/texmf-texlive/tex/latex/listings/lstlang1.sty
File: lstlang1.sty 2004/09/05 1.3 listings language file
) (./rapport.aux
(./chap_01.aux) (./presentation.aux) (./chap_4.aux) (./chap_5.aux)
(./chap_6.aux) (./chap_7.aux) (./chap_9.aux) (./readme.aux))
\openout1 = `rapport.aux'.

LaTeX Font Info:    Checking defaults for OML/cmm/m/it on input line 34.
LaTeX Font Info:    ... okay on input line 34.
LaTeX Font Info:    Checking defaults for T1/lmr/m/n on input line 34.
LaTeX Font Info:    Try loading font information for T1+lmr on input line 34.

(/usr/share/texmf/tex/latex/lm/t1lmr.fd
File: t1lmr.fd 2007/01/14 v1.3 Font defs for Latin Modern
)
LaTeX Font Info:    ... okay on input line 34.
LaTeX Font Info:    Checking defaults for OT1/cmr/m/n on input line 34.
LaTeX Font Info:    ... okay on input line 34.
LaTeX Font Info:    Checking defaults for OMS/cmsy/m/n on input line 34.
LaTeX Font Info:    ... okay on input line 34.
LaTeX Font Info:    Checking defaults for OMX/cmex/m/n on input line 34.
LaTeX Font Info:    ... okay on input line 34.
LaTeX Font Info:    Checking defaults for U/cmr/m/n on input line 34.
LaTeX Font Info:    ... okay on input line 34.
LaTeX Info: Redefining \dots on input line 34.

(/usr/share/texmf/tex/context/base/supp-pdf.tex
[Loading MPS to PDF converter (version 2006.09.02).]
\scratchcounter=\count114
\scratchdimen=\dimen120
\scratchbox=\box30
\nofMPsegments=\count115
\nofMParguments=\count116
\everyMPshowfont=\toks24
\MPscratchCnt=\count117
\MPscratchDim=\dimen121
\MPnumerator=\count118
\everyMPtoPDFconversion=\toks25
) (./garde.tex
LaTeX Font Info:    Try loading font information for U+msa on input line 3.
 (/usr/share/texmf-texlive/tex/latex/amsfonts/umsa.fd
File: umsa.fd 2002/01/19 v2.2g AMS font definitions
)
LaTeX Font Info:    Try loading font information for U+msb on input line 3.

(/usr/share/texmf-texlive/tex/latex/amsfonts/umsb.fd
File: umsb.fd 2002/01/19 v2.2g AMS font definitions
)
<logo.png, id=1, 205.76875pt x 126.4725pt>
File: logo.png Graphic file (type png)
 <use logo.png>
Overfull \hbox (0.98396pt too wide) in paragraph at lines 12--17
 []
 []

) [1

{/var/lib/texmf/fonts/map/pdftex/updmap/pdftex.map} <./logo.png>]
<xkcd.png, id=11, 502.87875pt x 792.9625pt>
File: xkcd.png Graphic file (type png)
 <use xkcd.png> [2 <./xkcd.png (PNG copy)>] (./rapport.toc [3

])
\tf@toc=\write3
\openout3 = `rapport.toc'.

 [4]
\openout2 = `chap_01.aux'.

 (./chap_01.tex) [5


]
\openout2 = `presentation.aux'.

 (./presentation.tex
Chapitre 1.
[6



]
Overfull \hbox (48.15683pt too wide) in paragraph at lines 59--59
[]\OT1/cmtt/m/n/10.95 <Instr> ::=  <Conditional> | <While_block> | <Call> | ( r
eturn <Expr> )[] 
 []


Overfull \hbox (105.6437pt too wide) in paragraph at lines 59--59
[]\OT1/cmtt/m/n/10.95 <Builtin_call> ::=  <Assignment> | <Read_call> | <Write_c
all> | <Arithmetic_call>[] 
 []


Overfull \hbox (30.91077pt too wide) in paragraph at lines 59--59
[]\OT1/cmtt/m/n/10.95 <Assignment> ::= ( set <Id_int> <Expr> ) | ( set <This_in
t> <Expr> )[] 
 []


Overfull \hbox (30.91077pt too wide) in paragraph at lines 59--59
[]\OT1/cmtt/m/n/10.95 <Method_call>  ::= ( <Super_id>  <Expr_list_np>  ) | ( <S
uper_id>  )[] 
 []


Overfull \hbox (13.6647pt too wide) in paragraph at lines 59--59
[]\OT1/cmtt/m/n/10.95 <Method_call>  ::= ( <This_id>  <Expr_list_np>  ) | ( <Th
is_id> )[] 
 []


Overfull \hbox (82.64896pt too wide) in paragraph at lines 83--83
[]\OT1/cmtt/m/n/10.95 [Le while s'^^Secrit comme ceci while (la condition) (les
 instruction a r^^Sep^^Reter)[] 
 []


Overfull \hbox (19.41339pt too wide) in paragraph at lines 83--83
[]\OT1/cmtt/m/n/10.95 la valeur de retour de set qui sera ici i_initial + 1 ou 
i_final ][] 
 []

[7]
Overfull \hbox (76.90027pt too wide) in paragraph at lines 83--83
[]\OT1/cmtt/m/n/10.95 [Ensuite si vrai on ex^^Secute la premi^^Rere list d'inst
ruction sinon la seconde][] 
 []

[8] [9]) [10]
\openout2 = `chap_4.aux'.

 (./chap_4.tex
Chapitre 2.

Overfull \hbox (11.17296pt too wide) in paragraph at lines 19--20
[]$\OMS/cmsy/m/n/10.95 ^^C\OML/cmm/m/it/10.95 RESERVED[]WORD\OMS/cmsy/m/n/10.95
 ^^C$ \OT1/cmr/m/n/10.95 : repr^^Sesente un mot r^^Seserv^^Se. En fait la cat^^
Segorie
 []

[11



]
Overfull \hbox (25.16208pt too wide) in paragraph at lines 36--36
[]\OT1/cmtt/m/n/10.95 ( ) <= >= > < = and or ! + - * / % neg id . number this s
uper while[] 
 []


Overfull \hbox (41.36876pt too wide) in paragraph at lines 37--39
\OT1/cmr/m/n/10.95 C'est-^^Ra-dire tout les mots r^^Seserv^^Se qui se trouve da
ns le tableau $\OML/cmm/m/it/10.95 RESERVED[]WORD$
 []


Overfull \hbox (48.15683pt too wide) in paragraph at lines 87--87
[]\OT1/cmtt/m/n/10.95 <Instr> ::=  <Conditional> | <While_block> | <Call> | ( r
eturn <Expr> )[] 
 []


Overfull \hbox (105.6437pt too wide) in paragraph at lines 87--87
[]\OT1/cmtt/m/n/10.95 <Builtin_call> ::=  <Assignment> | <Read_call> | <Write_c
all> | <Arithmetic_call>[] 
 []


Overfull \hbox (30.91077pt too wide) in paragraph at lines 87--87
[]\OT1/cmtt/m/n/10.95 <Assignment> ::= ( set <Id_int> <Expr> ) | ( set <This_in
t> <Expr> )[] 
 []

[12]
Overfull \hbox (30.91077pt too wide) in paragraph at lines 87--87
[]\OT1/cmtt/m/n/10.95 <Method_call>  ::= ( <Super_id>  <Expr_list_np>  ) | ( <S
uper_id>  )[] 
 []


Overfull \hbox (13.6647pt too wide) in paragraph at lines 87--87
[]\OT1/cmtt/m/n/10.95 <Method_call>  ::= ( <This_id>  <Expr_list_np>  ) | ( <Th
is_id> )[] 
 []

[13]
Overfull \hbox (11.10962pt too wide) in paragraph at lines 106--106
[]\OT1/cmr/bx/n/14.4 Sp^^Secification rigoureuse des m^^Sethodes publiques
 []


Overfull \hbox (12.42935pt too wide) in paragraph at lines 108--109
\OT1/cmr/m/n/10.95 l'in-ter-face It-er-a-tor et It-er-able. Les m^^Sethodes pub
liques seront dons les m^^Sethodes
 []


Overfull \hbox (10.84161pt too wide) in paragraph at lines 140--141
\OT1/cmr/m/n/10.95 car-act^^Rere de s^^Separation est fi-nale-ment ren-contr^^S
e, ce qui a ^^Set^^Se mis pr^^Secedemment
 []

[14]) [15] [16]
\openout2 = `chap_5.aux'.

 (./chap_5.tex
Chapitre 3.
[17



]
Overfull \hbox (9.29001pt too wide) in paragraph at lines 40--40
[]\OT1/cmr/bx/n/14.4 Test de con-flit de pr^^Sef^^Serence (\OT1/cmr/bx/it/14.4 
Check-Prece-dence\OT1/cmr/bx/n/14.4 ) 
 []


Overfull \hbox (2.71744pt too wide) in paragraph at lines 45--50
[]\OT1/cmr/m/n/10.95 Pour faire cela, le test con-struit deux en-sem-ble pour c
haque non-terminal :
 []


Overfull \hbox (11.91231pt too wide) in paragraph at lines 45--50
\OT1/cmr/m/n/10.95 First et Last. Ceux-ci per-me-t-tront de d^^Seterminer tr^^R
es facile-ment les pr^^Sec^^Sedences
 []

[18] [19] [20]
Overfull \hbox (12.74675pt too wide) in paragraph at lines 183--183
[] \OT1/cmtt/m/n/10 * standard en cas de conflits. Si le conflit est entre <. o
u <.= ou =.[] 
 []


Overfull \hbox (2.24684pt too wide) in paragraph at lines 183--183
[] \OT1/cmtt/m/n/10 * @param rel la relation de pr^^Sec^^Sedence ( EQ,LE,GE,LEQ
,ERROR,NOTHING)[] 
 []


Overfull \hbox (2.24684pt too wide) in paragraph at lines 183--183
[]\OT1/cmtt/m/n/10 public static boolean tableSet(Hashtable<Term,Hashtable<Term
,String>>[] 
 []


Overfull \hbox (7.4968pt too wide) in paragraph at lines 183--183
[] \OT1/cmtt/m/n/10 * Calcule l'ensemble First pour chaque Terme correspondant 
aux Termes[] 
 []


Overfull \hbox (38.99652pt too wide) in paragraph at lines 183--183
[] \OT1/cmtt/m/n/10 * @return une Hashtable qui fait correspondre ^^Ra chaque T
erme son set First.[] 
 []


Overfull \hbox (28.49661pt too wide) in paragraph at lines 183--183
[] \OT1/cmtt/m/n/10 * Calcule la table de pr^^Sec^^Sedence WP et si celle ci co
ntient des conflits.[] 
 []


Overfull \hbox (12.74675pt too wide) in paragraph at lines 183--183
[] \OT1/cmtt/m/n/10 * @return true si il n'y a pas de conflits dans la table, f
alse sinon.[] 
 []

[21] [22] [23]) [24]
\openout2 = `chap_6.aux'.

 (./chap_6.tex
Chapitre 4.
[25



] [26]) [27]
\openout2 = `chap_7.aux'.

 (./chap_7.tex

Package pdftex.def Warning: Option `bb' does not make sense,
(pdftex.def)                using `viewport' instead on input line 74.

<./restruc.png, id=106, 429.605pt x 264.99pt>
File: ./restruc.png Graphic file (type png)
 <use ./restruc.png>
Overfull \hbox (69.605pt too wide) in paragraph at lines 74--76
 [][] 
 []

[28


]
Overfull \hbox (19.08163pt too wide) in paragraph at lines 93--96
[]\OT1/cmr/m/n/10.95 La struc-ture de donn^^See Lex-i-cal-Term est tr^^Res sim-
i-laire ^^Ra Term, elle impl^^Semente
 []

[29 <./restruc.png (PNG copy)>]
Overfull \hbox (71.15158pt too wide) in paragraph at lines 116--116
[] \OT1/cmtt/m/n/10.95 * t est un term qui une liste de term qui est en accord 
avec la d^^Sefinition[] 
 []


Overfull \hbox (36.65945pt too wide) in paragraph at lines 116--116
[] \OT1/cmtt/m/n/10.95 * Si t n'est pas conforme aux d^^Sefinitions, une erreur
 de syntaxe est[] 
 []

[30]
Overfull \hbox (13.6647pt too wide) in paragraph at lines 202--202
[]\OT1/cmtt/m/n/10.95 A_2 = (A_0 + A_1) ; //l'expression (+ A_0 A_1) est assign
^^See ^^Ra A_2[] 
 []


Overfull \hbox (65.4029pt too wide) in paragraph at lines 202--202
[]\OT1/cmtt/m/n/10.95 a = A_2 ; //assignation de l'expression (+ A_0 A_1) ^^Ra 
a en passant par A_2[] 
 []

[31] [32] [33]) [34]
\openout2 = `chap_9.aux'.

 (./chap_9.tex
Chapitre 5.

Overfull \hbox (4.2176pt too wide) in paragraph at lines 5--8
\OT1/cmr/m/it/10.95 cute\OT1/cmr/m/n/10.95 . Toute les Ex-pres-sion doivent imp
l^^Sementer \OT1/cmr/m/it/10.95 get-Val\OT1/cmr/m/n/10.95 . Et tout les d^^Sesi
gnateur
 []

[35



]
Overfull \hbox (13.2313pt too wide) in paragraph at lines 29--30
 \OT1/cmr/bx/n/10.95 Ex-e-cute re-cur-sif en-tre les state-ment[] \OT1/cmr/m/n/
10.95 Lors de la premi^^Rere impl^^Sementation,
 []

[36]) [37]
\openout2 = `readme.aux'.

 (./readme.tex
Chapitre 6.
[38



]) [39] (./rapport.aux (./chap_01.aux) (./presentation.aux) (./chap_4.aux)
(./chap_5.aux) (./chap_6.aux) (./chap_7.aux) (./chap_9.aux) (./readme.aux)) ) 
Here is how much of TeX's memory you used:
 4243 strings out of 94834
 53249 string characters out of 1179181
 117815 words of memory out of 1500000
 7304 multiletter control sequences out of 10000+50000
 13784 words of font info for 52 fonts, out of 1200000 for 2000
 212 hyphenation exceptions out of 8191
 27i,15n,40p,852b,359s stack positions out of 5000i,500n,6000p,200000b,5000s
</
usr/share/texmf-texlive/fonts/type1/bluesky/cm/cmbx10.pfb></usr/share/texmf-tex
live/fonts/type1/bluesky/cm/cmbx12.pfb></usr/share/texmf-texlive/fonts/type1/bl
uesky/cm/cmbxti10.pfb></usr/share/texmf-texlive/fonts/type1/bluesky/cm/cmcsc10.
pfb></usr/share/texmf-texlive/fonts/type1/bluesky/cm/cmmi10.pfb></usr/share/tex
mf-texlive/fonts/type1/bluesky/cm/cmmi12.pfb></usr/share/texmf-texlive/fonts/ty
pe1/bluesky/cm/cmr10.pfb></usr/share/texmf-texlive/fonts/type1/bluesky/cm/cmr12
.pfb></usr/share/texmf-texlive/fonts/type1/bluesky/cm/cmr17.pfb></usr/share/tex
mf-texlive/fonts/type1/bluesky/cm/cmr8.pfb></usr/share/texmf-texlive/fonts/type
1/bluesky/cm/cmsy10.pfb></usr/share/texmf-texlive/fonts/type1/bluesky/cm/cmsy8.
pfb></usr/share/texmf-texlive/fonts/type1/bluesky/cm/cmti10.pfb></usr/share/tex
mf-texlive/fonts/type1/bluesky/cm/cmtt10.pfb></usr/share/texmf-texlive/fonts/ty
pe1/bluesky/cm/cmtt8.pfb></usr/share/texmf-texlive/fonts/type1/bluesky/ams/msbm
10.pfb>
Output written on rapport.pdf (39 pages, 332307 bytes).
PDF statistics:
 197 PDF objects out of 1000 (max. 8388607)
 0 named destinations out of 1000 (max. 131072)
 16 words of extra memory for PDF output out of 10000 (max. 10000000)

